<?xml version="1.0" encoding="UTF-8"?>
<robot generator="Robot 3.2.1 (Python 3.7.6 on darwin)" generated="20201007 16:13:15.464" rpa="false">
<suite id="s1" name="Tests" source="/Users/sheena.puthanpurayil/comets/tests.robot">
<test id="s1-t1" name="Default Parameters Happy Case">
<kw name="Create Session" library="RequestsLibrary">
<doc>Create Session: create a HTTP session to a server</doc>
<arguments>
<arg>API</arg>
<arg>${API_URL}</arg>
<arg>verify=true</arg>
</arguments>
<msg timestamp="20201007 16:13:15.609" level="TRACE">Arguments: [ 'API' | 'https://ssd-api.jpl.nasa.gov/cad.api' | verify=True ]</msg>
<msg timestamp="20201007 16:13:15.609" level="INFO">Creating Session using : alias=API, url=https://ssd-api.jpl.nasa.gov/cad.api, headers={},                     cookies={}, auth=None, timeout=None, proxies=None, verify=True,                     debug=0 </msg>
<msg timestamp="20201007 16:13:15.609" level="DEBUG">Creating session: API</msg>
<msg timestamp="20201007 16:13:15.609" level="DEBUG">Argument types are:
&lt;class 'bool'&gt;</msg>
<msg timestamp="20201007 16:13:15.609" level="TRACE">Return: &lt;requests.sessions.Session object at 0x10d6eb990&gt;</msg>
<status status="PASS" starttime="20201007 16:13:15.608" endtime="20201007 16:13:15.609"></status>
</kw>
<kw name="Get Request" library="RequestsLibrary">
<doc>Send a GET request on the session object found using the
given `alias`</doc>
<arguments>
<arg>API</arg>
<arg>/</arg>
</arguments>
<assign>
<var>${resp}</var>
</assign>
<msg timestamp="20201007 16:13:15.611" level="TRACE">Arguments: [ 'API' | '/' ]</msg>
<msg timestamp="20201007 16:13:15.621" level="DEBUG">Starting new HTTPS connection (1): ssd-api.jpl.nasa.gov:443</msg>
<msg timestamp="20201007 16:13:16.484" level="DEBUG">https://ssd-api.jpl.nasa.gov:443 "GET /cad.api/ HTTP/1.1" 200 None</msg>
<msg timestamp="20201007 16:13:16.485" level="INFO">GET Request : url=https://ssd-api.jpl.nasa.gov/cad.api/ 
 path_url=/cad.api/ 
 headers={'User-Agent': 'python-requests/2.24.0', 'Accept-Encoding': 'gzip, deflate', 'Accept': '*/*', 'Connection': 'keep-alive'} 
 body=None 
 </msg>
<msg timestamp="20201007 16:13:16.486" level="INFO">GET Response : url=https://ssd-api.jpl.nasa.gov/cad.api/ 
 status=200, reason=OK 
 body={"signature":{"source":"NASA/JPL SBDB Close Approach Data API","version":"1.1"},"count":"30","fields":["des","orbit_id","jd","cd","dist","dist_min","dist_max","v_rel","v_inf","t_sigma_f","h"],"data":[["2020 RK2","15","2459130.049680579","2020-Oct-07 13:12","0.0255812771177795","0.0255615245660631","0.0256010295260709","6.67579049818677","6.66016996583231","&lt; 00:01","24.309"],["2020 TB","1","2459130.267617234","2020-Oct-07 18:25","0.0295155570743541","0.0293427119145752","0.0296883967184498","7.75799561131777","7.74635065379128","00:05","24.706"],["2019 SB6","2","2459130.474376995","2020-Oct-07 23:23","0.0304426271757058","0.0227471207759548","0.038143587726216","7.57778003426213","7.56622105215934","03:41","26.8"],["2020 SR6","5","2459130.735530621","2020-Oct-08 05:39","0.0180710930269906","0.0180240062230856","0.018118177231228","5.25529083167504","5.22715918653153","&lt; 00:01","25.638"],["2020 SX3","4","2459130.969052188","2020-Oct-08 11:15","0.0113556873765962","0.0113518421578692","0.0113595325867923","10.8797198051998","10.8581318104052","&lt; 00:01","24.196"],["2020 RO1","7","2459132.176091532","2020-Oct-09 16:14","0.044641716778173","0.0446193935492574","0.0446640397499598","3.21352861170372","3.19490131532421","&lt; 00:01","25.389"],["2018 GD2","1","2459136.073021506","2020-Oct-13 13:45","0.0418695882785897","0.0370963199607446","0.0466556919039509","6.70010747896787","6.69060274315132","03:59","29.4"],["2020 TD","1","2459137.092868403","2020-Oct-14 14:14","0.0484242483233654","0.0482482079450442","0.0486002880446877","14.4146133055525","14.4107955863018","00:01","24.388"],["2020 RM6","3","2459137.714985749","2020-Oct-15 05:10","0.0332524282415109","0.0332142128497172","0.0332906433684523","7.70426074113868","7.69385312032927","00:02","24.831"],["2020 TG","1","2459139.967374533","2020-Oct-17 11:13","0.0431471934186133","0.0424887903822764","0.0438055352395408","5.86252171054486","5.85197866627339","00:08","25.788"],["2017 UH5","2","2459142.636167668","2020-Oct-20 03:16","0.0228340554196692","0.0222591527415551","0.0414088955279864","5.92821261429195","5.90849618170005","6_12:30","26.5"],["2020 SG3","3","2459143.412223093","2020-Oct-20 21:54","0.0499210032521326","0.0496083706529744","0.0502336225391414","5.33209456677164","5.32207521939182","00:05","25.109"],["2018 VG","3","2459144.153455600","2020-Oct-21 15:41","0.0387040891193301","0.0374898264219415","0.0399273001093406","6.72609608291864","6.7158531754433","19:40","27.4"],["2017 TK6","8","2459146.940793558","2020-Oct-24 10:35","0.0441892043374442","0.0424566365206183","0.0471094261315949","12.4455264686515","12.4406806466282","03:58","24.7"],["2008 GM2","12","2459148.492460866","2020-Oct-25 23:49","0.0452029089395396","0.0362103357028827","0.0545926865198956","3.58621722267222","3.56974288141363","07:38","28.3"],["2020 QD5","2","2459148.621940456","2020-Oct-26 02:56","0.025763042373117","0.0257243482456801","0.0258017423282164","8.56921365449276","8.55713606131734","00:45","23.227"],["2020 OK5","18","2459151.870636348","2020-Oct-29 08:54","0.0164314334695969","0.0164248365373497","0.01643802959727","1.2860276781793","1.15306213653123","00:01","25.546"],["2018 VP1","4","2459155.981541014","2020-Nov-02 11:33","0.00280167254552464","3.90766585857012e-05","0.0256085074009903","9.71114662839966","9.61271582257126","3_07:11","30.9"],["2020 HF4","5","2459157.453326852","2020-Nov-03 22:53","0.0414035151003734","0.0410997052947467","0.0417073377153219","2.88844049797212","2.86607407960607","00:04","27.563"],["2010 JL88","7","2459159.419528397","2020-Nov-05 22:04","0.0267818380363214","0.00118085989258472","0.124246396626902","15.6639825482897","15.6576298553779","5_18:57","26.8"],["2019 XS","4","2459161.384049088","2020-Nov-07 21:13","0.0393955999561795","0.0348619785193184","0.0439367808461489","9.44588784861025","9.43872498720352","03:14","24.2"],["2018 VS4","3","2459162.958550490","2020-Nov-09 11:00","0.0381472776329596","0.0344188790586722","0.0835829161332143","10.0703922632204","10.0634539795072","5_07:22","25.8"],["2020 ST1","5","2459167.867201054","2020-Nov-14 08:49","0.0489062045875945","0.0487282671683256","0.0490841419676598","8.05267992569337","8.04591145558971","00:53","21.704"],["2019 VL5","2","2459168.934759671","2020-Nov-15 10:26","0.021732810007007","0.0217292375096055","0.0223542176744774","8.17741153263742","8.16240503679483","04:03","25.9"],["2017 WJ16","5","2459177.036929361","2020-Nov-23 12:53","0.0127091896304229","0.01043030494715","0.01572438024177","4.75066355638837","4.70632601749626","1_18:20","24.3"],["2018 RQ4","6","2459179.694905144","2020-Nov-26 04:41","0.0208558171837912","0.00285411045178811","0.0572555901582887","7.43856924406299","7.42137441041999","8_01:42","26.9"],["2020 KZ2","5","2459181.696573437","2020-Nov-28 04:43","0.0145807732550289","0.0143258402477287","0.0148369892668334","3.91171979677915","3.86472163295805","00:32","27.683"],["153201","116","2459182.714106554","2020-Nov-29 05:08","0.0287618678984483","0.0287609099965326","0.0287628258007809","25.0726387403463","25.0689436315515","&lt; 00:01","19.3"],["2020 SO","9","2459184.933627084","2020-Dec-01 10:24","0.000331755969647284","0.000325993713863454","0.000337528277220629","3.93543505130905",null,"01:29","28.273"],["2019 XH2","2","2459186.370797788","2020-Dec-02 20:54","0.0412567445803152","0.0402962941868718","0.0422179557413965","6.36365066915733","6.35349384837461","00:52","28.9"]]}
 
 </msg>
<msg timestamp="20201007 16:13:16.486" level="TRACE">Return: &lt;Response [200]&gt;</msg>
<msg timestamp="20201007 16:13:16.486" level="INFO">${resp} = &lt;Response [200]&gt;</msg>
<status status="PASS" starttime="20201007 16:13:15.610" endtime="20201007 16:13:16.487"></status>
</kw>
<kw name="Verify Output Format" library="helper">
<arguments>
<arg>${resp.text}</arg>
</arguments>
<msg timestamp="20201007 16:13:16.488" level="TRACE">Arguments: [ '{"signature":{"source":"NASA/JPL SBDB Close Approach Data API","version":"1.1"},"count":"30","fields":["des","orbit_id","jd","cd","dist","dist_min","dist_max","v_rel","v_inf","t_sigma_f","h"],"data":[["2020 RK2","15","2459130.049680579","2020-Oct-07 13:12","0.0255812771177795","0.0255615245660631","0.0256010295260709","6.67579049818677","6.66016996583231","&lt; 00:01","24.309"],["2020 TB","1","2459130.267617234","2020-Oct-07 18:25","0.0295155570743541","0.0293427119145752","0.0296883967184498","7.75799561131777","7.74635065379128","00:05","24.706"],["2019 SB6","2","2459130.474376995","2020-Oct-07 23:23","0.0304426271757058","0.0227471207759548","0.038143587726216","7.57778003426213","7.56622105215934","03:41","26.8"],["2020 SR6","5","2459130.735530621","2020-Oct-08 05:39","0.0180710930269906","0.0180240062230856","0.018118177231228","5.25529083167504","5.22715918653153","&lt; 00:01","25.638"],["2020 SX3","4","2459130.969052188","2020-Oct-08 11:15","0.0113556873765962","0.0113518421578692","0.0113595325867923","10.8797198051998","10.8581318104052","&lt; 00:01","24.196"],["2020 RO1","7","2459132.176091532","2020-Oct-09 16:14","0.044641716778173","0.0446193935492574","0.0446640397499598","3.21352861170372","3.19490131532421","&lt; 00:01","25.389"],["2018 GD2","1","2459136.073021506","2020-Oct-13 13:45","0.0418695882785897","0.0370963199607446","0.0466556919039509","6.70010747896787","6.69060274315132","03:59","29.4"],["2020 TD","1","2459137.092868403","2020-Oct-14 14:14","0.0484242483233654","0.0482482079450442","0.0486002880446877","14.4146133055525","14.4107955863018","00:01","24.388"],["2020 RM6","3","2459137.714985749","2020-Oct-15 05:10","0.0332524282415109","0.0332142128497172","0.0332906433684523","7.70426074113868","7.69385312032927","00:02","24.831"],["2020 TG","1","2459139.967374533","2020-Oct-17 11:13","0.0431471934186133","0.0424887903822764","0.0438055352395408","5.86252171054486","5.85197866627339","00:08","25.788"],["2017 UH5","2","2459142.636167668","2020-Oct-20 03:16","0.0228340554196692","0.0222591527415551","0.0414088955279864","5.92821261429195","5.90849618170005","6_12:30","26.5"],["2020 SG3","3","2459143.412223093","2020-Oct-20 21:54","0.0499210032521326","0.0496083706529744","0.0502336225391414","5.33209456677164","5.32207521939182","00:05","25.109"],["2018 VG","3","2459144.153455600","2020-Oct-21 15:41","0.0387040891193301","0.0374898264219415","0.0399273001093406","6.72609608291864","6.7158531754433","19:40","27.4"],["2017 TK6","8","2459146.940793558","2020-Oct-24 10:35","0.0441892043374442","0.0424566365206183","0.0471094261315949","12.4455264686515","12.4406806466282","03:58","24.7"],["2008 GM2","12","2459148.492460866","2020-Oct-25 23:49","0.0452029089395396","0.0362103357028827","0.0545926865198956","3.58621722267222","3.56974288141363","07:38","28.3"],["2020 QD5","2","2459148.621940456","2020-Oct-26 02:56","0.025763042373117","0.0257243482456801","0.0258017423282164","8.56921365449276","8.55713606131734","00:45","23.227"],["2020 OK5","18","2459151.870636348","2020-Oct-29 08:54","0.0164314334695969","0.0164248365373497","0.01643802959727","1.2860276781793","1.15306213653123","00:01","25.546"],["2018 VP1","4","2459155.981541014","2020-Nov-02 11:33","0.00280167254552464","3.90766585857012e-05","0.0256085074009903","9.71114662839966","9.61271582257126","3_07:11","30.9"],["2020 HF4","5","2459157.453326852","2020-Nov-03 22:53","0.0414035151003734","0.0410997052947467","0.0417073377153219","2.88844049797212","2.86607407960607","00:04","27.563"],["2010 JL88","7","2459159.419528397","2020-Nov-05 22:04","0.0267818380363214","0.00118085989258472","0.124246396626902","15.6639825482897","15.6576298553779","5_18:57","26.8"],["2019 XS","4","2459161.384049088","2020-Nov-07 21:13","0.0393955999561795","0.0348619785193184","0.0439367808461489","9.44588784861025","9.43872498720352","03:14","24.2"],["2018 VS4","3","2459162.958550490","2020-Nov-09 11:00","0.0381472776329596","0.0344188790586722","0.0835829161332143","10.0703922632204","10.0634539795072","5_07:22","25.8"],["2020 ST1","5","2459167.867201054","2020-Nov-14 08:49","0.0489062045875945","0.0487282671683256","0.0490841419676598","8.05267992569337","8.04591145558971","00:53","21.704"],["2019 VL5","2","2459168.934759671","2020-Nov-15 10:26","0.021732810007007","0.0217292375096055","0.0223542176744774","8.17741153263742","8.16240503679483","04:03","25.9"],["2017 WJ16","5","2459177.036929361","2020-Nov-23 12:53","0.0127091896304229","0.01043030494715","0.01572438024177","4.75066355638837","4.70632601749626","1_18:20","24.3"],["2018 RQ4","6","2459179.694905144","2020-Nov-26 04:41","0.0208558171837912","0.00285411045178811","0.0572555901582887","7.43856924406299","7.42137441041999","8_01:42","26.9"],["2020 KZ2","5","2459181.696573437","2020-Nov-28 04:43","0.0145807732550289","0.0143258402477287","0.0148369892668334","3.91171979677915","3.86472163295805","00:32","27.683"],["153201","116","2459182.714106554","2020-Nov-29 05:08","0.0287618678984483","0.0287609099965326","0.0287628258007809","25.0726387403463","25.0689436315515","&lt; 00:01","19.3"],["2020 SO","9","2459184.933627084","2020-Dec-01 10:24","0.000331755969647284","0.000325993713863454","0.000337528277220629","3.93543505130905",null,"01:29","28.273"],["2019 XH2","2","2459186.370797788","2020-Dec-02 20:54","0.0412567445803152","0.0402962941868718","0.0422179557413965","6.36365066915733","6.35349384837461","00:52","28.9"]]}\n' ]</msg>
<msg timestamp="20201007 16:13:16.490" level="TRACE">Return: None</msg>
<status status="PASS" starttime="20201007 16:13:16.487" endtime="20201007 16:13:16.491"></status>
</kw>
<kw name="Should Be True" library="BuiltIn">
<doc>Fails if the given condition is not true.</doc>
<arguments>
<arg>${resp.json()["count"]}&gt;0</arg>
</arguments>
<msg timestamp="20201007 16:13:16.492" level="TRACE">Arguments: [ '30&gt;0' ]</msg>
<msg timestamp="20201007 16:13:16.492" level="TRACE">Return: None</msg>
<status status="PASS" starttime="20201007 16:13:16.491" endtime="20201007 16:13:16.492"></status>
</kw>
<status status="PASS" starttime="20201007 16:13:15.607" endtime="20201007 16:13:16.492" critical="yes"></status>
</test>
<test id="s1-t2" name="Restrictive Query Output with Zero Count">
<kw name="Query API">
<arguments>
<arg>date-min=now</arg>
<arg>date-max=+0</arg>
</arguments>
<assign>
<var>${resp}</var>
</assign>
<msg timestamp="20201007 16:13:16.496" level="TRACE">Arguments: [ &amp;{args}={'date-max': '+0', 'date-min': 'now'} ]</msg>
<kw name="Create Session" library="RequestsLibrary">
<doc>Create Session: create a HTTP session to a server</doc>
<arguments>
<arg>API</arg>
<arg>${API_URL}</arg>
<arg>verify=true</arg>
</arguments>
<msg timestamp="20201007 16:13:16.498" level="TRACE">Arguments: [ 'API' | 'https://ssd-api.jpl.nasa.gov/cad.api' | verify=True ]</msg>
<msg timestamp="20201007 16:13:16.498" level="INFO">Creating Session using : alias=API, url=https://ssd-api.jpl.nasa.gov/cad.api, headers={},                     cookies={}, auth=None, timeout=None, proxies=None, verify=True,                     debug=0 </msg>
<msg timestamp="20201007 16:13:16.498" level="DEBUG">Creating session: API</msg>
<msg timestamp="20201007 16:13:16.499" level="DEBUG">Argument types are:
&lt;class 'bool'&gt;</msg>
<msg timestamp="20201007 16:13:16.499" level="TRACE">Return: &lt;requests.sessions.Session object at 0x10d72c550&gt;</msg>
<status status="PASS" starttime="20201007 16:13:16.497" endtime="20201007 16:13:16.499"></status>
</kw>
<kw name="Get Request" library="RequestsLibrary">
<doc>Send a GET request on the session object found using the
given `alias`</doc>
<arguments>
<arg>API</arg>
<arg>/</arg>
<arg>params=${args}</arg>
</arguments>
<assign>
<var>${resp}</var>
</assign>
<msg timestamp="20201007 16:13:16.500" level="TRACE">Arguments: [ 'API' | '/' | params={'date-max': '+0', 'date-min': 'now'} ]</msg>
<msg timestamp="20201007 16:13:16.504" level="DEBUG">Starting new HTTPS connection (1): ssd-api.jpl.nasa.gov:443</msg>
<msg timestamp="20201007 16:13:17.351" level="DEBUG">https://ssd-api.jpl.nasa.gov:443 "GET /cad.api/?date-min=now&amp;date-max=%2B0 HTTP/1.1" 200 None</msg>
<msg timestamp="20201007 16:13:17.353" level="INFO">GET Request : url=https://ssd-api.jpl.nasa.gov/cad.api/?date-min=now&amp;date-max=%2B0 
 path_url=/cad.api/?date-min=now&amp;date-max=%2B0 
 headers={'User-Agent': 'python-requests/2.24.0', 'Accept-Encoding': 'gzip, deflate', 'Accept': '*/*', 'Connection': 'keep-alive'} 
 body=None 
 </msg>
<msg timestamp="20201007 16:13:17.353" level="INFO">GET Response : url=https://ssd-api.jpl.nasa.gov/cad.api/?date-min=now&amp;date-max=%2B0 
 status=200, reason=OK 
 body={"count":"0","signature":{"source":"NASA/JPL SBDB Close Approach Data API","version":"1.1"}}
 
 </msg>
<msg timestamp="20201007 16:13:17.353" level="TRACE">Return: &lt;Response [200]&gt;</msg>
<msg timestamp="20201007 16:13:17.353" level="INFO">${resp} = &lt;Response [200]&gt;</msg>
<status status="PASS" starttime="20201007 16:13:16.499" endtime="20201007 16:13:17.353"></status>
</kw>
<msg timestamp="20201007 16:13:17.354" level="TRACE">Return: &lt;Response [200]&gt;</msg>
<msg timestamp="20201007 16:13:17.354" level="INFO">${resp} = &lt;Response [200]&gt;</msg>
<status status="PASS" starttime="20201007 16:13:16.495" endtime="20201007 16:13:17.354"></status>
</kw>
<kw name="Should Be Equal" library="BuiltIn">
<doc>Fails if the given objects are unequal.</doc>
<arguments>
<arg>${resp.json()["count"]}</arg>
<arg>0</arg>
</arguments>
<msg timestamp="20201007 16:13:17.356" level="TRACE">Arguments: [ '0' | '0' ]</msg>
<msg timestamp="20201007 16:13:17.356" level="DEBUG">Argument types are:
&lt;type 'unicode'&gt;
&lt;type 'unicode'&gt;</msg>
<msg timestamp="20201007 16:13:17.356" level="TRACE">Return: None</msg>
<status status="PASS" starttime="20201007 16:13:17.355" endtime="20201007 16:13:17.356"></status>
</kw>
<status status="PASS" starttime="20201007 16:13:16.493" endtime="20201007 16:13:17.357" critical="yes"></status>
</test>
<test id="s1-t3" name="Wide Query Output with High Count">
<kw name="Query API">
<arguments>
<arg>date-min=1900-01-01</arg>
<arg>date-max=2100-01-01</arg>
<arg>dist-max=10</arg>
</arguments>
<assign>
<var>${resp}</var>
</assign>
<msg timestamp="20201007 16:13:17.359" level="TRACE">Arguments: [ &amp;{args}={'date-max': '2100-01-01', 'date-min': '1900-01-01', 'dist-max': '10'} ]</msg>
<kw name="Create Session" library="RequestsLibrary">
<doc>Create Session: create a HTTP session to a server</doc>
<arguments>
<arg>API</arg>
<arg>${API_URL}</arg>
<arg>verify=true</arg>
</arguments>
<msg timestamp="20201007 16:13:17.361" level="TRACE">Arguments: [ 'API' | 'https://ssd-api.jpl.nasa.gov/cad.api' | verify=True ]</msg>
<msg timestamp="20201007 16:13:17.361" level="INFO">Creating Session using : alias=API, url=https://ssd-api.jpl.nasa.gov/cad.api, headers={},                     cookies={}, auth=None, timeout=None, proxies=None, verify=True,                     debug=0 </msg>
<msg timestamp="20201007 16:13:17.361" level="DEBUG">Creating session: API</msg>
<msg timestamp="20201007 16:13:17.362" level="DEBUG">Argument types are:
&lt;class 'bool'&gt;</msg>
<msg timestamp="20201007 16:13:17.362" level="TRACE">Return: &lt;requests.sessions.Session object at 0x10d744a50&gt;</msg>
<status status="PASS" starttime="20201007 16:13:17.360" endtime="20201007 16:13:17.362"></status>
</kw>
<kw name="Get Request" library="RequestsLibrary">
<doc>Send a GET request on the session object found using the
given `alias`</doc>
<arguments>
<arg>API</arg>
<arg>/</arg>
<arg>params=${args}</arg>
</arguments>
<assign>
<var>${resp}</var>
</assign>
<msg timestamp="20201007 16:13:17.363" level="TRACE">Arguments: [ 'API' | '/' | params={'date-max': '2100-01-01', 'date-min': '1900-01-01', 'dist-max': '10'} ]</msg>
<msg timestamp="20201007 16:13:17.368" level="DEBUG">Starting new HTTPS connection (1): ssd-api.jpl.nasa.gov:443</msg>
<msg timestamp="20201007 16:14:18.312" level="DEBUG">https://ssd-api.jpl.nasa.gov:443 "GET /cad.api/?date-min=1900-01-01&amp;date-max=2100-01-01&amp;dist-max=10 HTTP/1.1" 504 160</msg>
<msg timestamp="20201007 16:14:18.315" level="INFO">GET Request : url=https://ssd-api.jpl.nasa.gov/cad.api/?date-min=1900-01-01&amp;date-max=2100-01-01&amp;dist-max=10 
 path_url=/cad.api/?date-min=1900-01-01&amp;date-max=2100-01-01&amp;dist-max=10 
 headers={'User-Agent': 'python-requests/2.24.0', 'Accept-Encoding': 'gzip, deflate', 'Accept': '*/*', 'Connection': 'keep-alive'} 
 body=None 
 </msg>
<msg timestamp="20201007 16:14:18.316" level="INFO">GET Response : url=https://ssd-api.jpl.nasa.gov/cad.api/?date-min=1900-01-01&amp;date-max=2100-01-01&amp;dist-max=10 
 status=504, reason=Gateway Time-out 
 body=&lt;html&gt;
&lt;head&gt;&lt;title&gt;504 Gateway Time-out&lt;/title&gt;&lt;/head&gt;
&lt;body&gt;
&lt;center&gt;&lt;h1&gt;504 Gateway Time-out&lt;/h1&gt;&lt;/center&gt;
&lt;hr&gt;&lt;center&gt;nginx&lt;/center&gt;
&lt;/body&gt;
&lt;/html&gt;
 
 </msg>
<msg timestamp="20201007 16:14:18.316" level="TRACE">Return: &lt;Response [504]&gt;</msg>
<msg timestamp="20201007 16:14:18.317" level="INFO">${resp} = &lt;Response [504]&gt;</msg>
<status status="PASS" starttime="20201007 16:13:17.362" endtime="20201007 16:14:18.317"></status>
</kw>
<msg timestamp="20201007 16:14:18.318" level="TRACE">Return: &lt;Response [504]&gt;</msg>
<msg timestamp="20201007 16:14:18.318" level="INFO">${resp} = &lt;Response [504]&gt;</msg>
<status status="PASS" starttime="20201007 16:13:17.359" endtime="20201007 16:14:18.318"></status>
</kw>
<kw name="Should Be True" library="BuiltIn">
<doc>Fails if the given condition is not true.</doc>
<arguments>
<arg>${resp.json()["count"]}&gt;1000</arg>
</arguments>
<msg timestamp="20201007 16:14:18.322" level="FAIL">Resolving variable '${resp.json()["count"]}' failed: JSONDecodeError: Expecting value: line 1 column 1 (char 0)</msg>
<status status="FAIL" starttime="20201007 16:14:18.319" endtime="20201007 16:14:18.322"></status>
</kw>
<tags>
<tag>slow</tag>
</tags>
<status status="FAIL" starttime="20201007 16:13:17.358" endtime="20201007 16:14:18.323" critical="yes">Resolving variable '${resp.json()["count"]}' failed: JSONDecodeError: Expecting value: line 1 column 1 (char 0)</status>
</test>
<test id="s1-t4" name="Unsuccesful Query">
<kw name="Query API">
<arguments>
<arg>dist=30</arg>
</arguments>
<assign>
<var>${resp}</var>
</assign>
<msg timestamp="20201007 16:14:18.328" level="TRACE">Arguments: [ &amp;{args}={'dist': '30'} ]</msg>
<kw name="Create Session" library="RequestsLibrary">
<doc>Create Session: create a HTTP session to a server</doc>
<arguments>
<arg>API</arg>
<arg>${API_URL}</arg>
<arg>verify=true</arg>
</arguments>
<msg timestamp="20201007 16:14:18.329" level="TRACE">Arguments: [ 'API' | 'https://ssd-api.jpl.nasa.gov/cad.api' | verify=True ]</msg>
<msg timestamp="20201007 16:14:18.329" level="INFO">Creating Session using : alias=API, url=https://ssd-api.jpl.nasa.gov/cad.api, headers={},                     cookies={}, auth=None, timeout=None, proxies=None, verify=True,                     debug=0 </msg>
<msg timestamp="20201007 16:14:18.329" level="DEBUG">Creating session: API</msg>
<msg timestamp="20201007 16:14:18.330" level="DEBUG">Argument types are:
&lt;class 'bool'&gt;</msg>
<msg timestamp="20201007 16:14:18.330" level="TRACE">Return: &lt;requests.sessions.Session object at 0x10d7bbd90&gt;</msg>
<status status="PASS" starttime="20201007 16:14:18.328" endtime="20201007 16:14:18.330"></status>
</kw>
<kw name="Get Request" library="RequestsLibrary">
<doc>Send a GET request on the session object found using the
given `alias`</doc>
<arguments>
<arg>API</arg>
<arg>/</arg>
<arg>params=${args}</arg>
</arguments>
<assign>
<var>${resp}</var>
</assign>
<msg timestamp="20201007 16:14:18.331" level="TRACE">Arguments: [ 'API' | '/' | params={'dist': '30'} ]</msg>
<msg timestamp="20201007 16:14:18.343" level="DEBUG">Starting new HTTPS connection (1): ssd-api.jpl.nasa.gov:443</msg>
<msg timestamp="20201007 16:14:19.333" level="DEBUG">https://ssd-api.jpl.nasa.gov:443 "GET /cad.api/?dist=30 HTTP/1.1" 400 None</msg>
<msg timestamp="20201007 16:14:19.334" level="INFO">GET Request : url=https://ssd-api.jpl.nasa.gov/cad.api/?dist=30 
 path_url=/cad.api/?dist=30 
 headers={'User-Agent': 'python-requests/2.24.0', 'Accept-Encoding': 'gzip, deflate', 'Accept': '*/*', 'Connection': 'keep-alive'} 
 body=None 
 </msg>
<msg timestamp="20201007 16:14:19.334" level="INFO">GET Response : url=https://ssd-api.jpl.nasa.gov/cad.api/?dist=30 
 status=400, reason=Bad Request 
 body={"moreInfo":"https://ssd-api.jpl.nasa.gov/doc/cad.html","message":"one or more query parameter was not recognized","code":"400"}
 
 </msg>
<msg timestamp="20201007 16:14:19.334" level="TRACE">Return: &lt;Response [400]&gt;</msg>
<msg timestamp="20201007 16:14:19.334" level="INFO">${resp} = &lt;Response [400]&gt;</msg>
<status status="PASS" starttime="20201007 16:14:18.330" endtime="20201007 16:14:19.334"></status>
</kw>
<msg timestamp="20201007 16:14:19.335" level="TRACE">Return: &lt;Response [400]&gt;</msg>
<msg timestamp="20201007 16:14:19.335" level="INFO">${resp} = &lt;Response [400]&gt;</msg>
<status status="PASS" starttime="20201007 16:14:18.326" endtime="20201007 16:14:19.335"></status>
</kw>
<kw name="Status Should Be" library="RequestsLibrary">
<doc>Fails if response status code is different than the expected.</doc>
<arguments>
<arg>400</arg>
<arg>${resp}</arg>
</arguments>
<msg timestamp="20201007 16:14:19.336" level="TRACE">Arguments: [ '400' | &lt;Response [400]&gt; ]</msg>
<msg timestamp="20201007 16:14:19.336" level="TRACE">Return: None</msg>
<status status="PASS" starttime="20201007 16:14:19.335" endtime="20201007 16:14:19.336"></status>
</kw>
<status status="PASS" starttime="20201007 16:14:18.325" endtime="20201007 16:14:19.336" critical="yes"></status>
</test>
<status status="FAIL" starttime="20201007 16:13:15.466" endtime="20201007 16:14:19.338"></status>
</suite>
<statistics>
<total>
<stat pass="3" fail="1">Critical Tests</stat>
<stat pass="3" fail="1">All Tests</stat>
</total>
<tag>
<stat pass="0" fail="1">slow</stat>
</tag>
<suite>
<stat pass="3" fail="1" id="s1" name="Tests">Tests</stat>
</suite>
</statistics>
<errors>
</errors>
</robot>
